<?xml version="1.0" encoding="UTF-8"?>
<!-- Generated by org.testng.reporters.JUnitReportReporter -->
<testsuite hostname="MAVCHN082158" failures="0" tests="1" name="com.sdet.stepDefination.stepDefination" time="107.260" errors="0" timestamp="2022-04-07T20:10:37 IST" skipped="0">
  <testcase classname="com.sdet.stepDefination.stepDefination" name="addProductToCart" time="107.260"/>
</testsuite> <!-- com.sdet.stepDefination.stepDefination -->
